[debug] [2021-06-04T03:21:54.356Z] ----------------------------------------------------------------------
[debug] [2021-06-04T03:21:54.358Z] Command:       C:\Program Files\nodejs\node.exe C:\Users\u542059\AppData\Roaming\npm\node_modules\firebase-tools\lib\bin\firebase.js login
[debug] [2021-06-04T03:21:54.359Z] CLI Version:   9.11.0
[debug] [2021-06-04T03:21:54.359Z] Platform:      win32
[debug] [2021-06-04T03:21:54.359Z] Node Version:  v14.17.0
[debug] [2021-06-04T03:21:54.361Z] Time:          Fri Jun 04 2021 10:21:54 GMT+0700 (Indochina Time)
[debug] [2021-06-04T03:21:54.361Z] ----------------------------------------------------------------------
[debug] 
[debug] [2021-06-04T03:21:54.364Z] >>> [apiv2][query] GET https://firebase-public.firebaseio.com/cli.json [none]
[info] i  Firebase optionally collects CLI usage and error reporting information to help improve our products. Data is collected in accordance with Google's privacy policy (https://policies.google.com/privacy) and is not used to identify you.
 
[info] i  To change your data collection preference at any time, run `firebase logout` and log in again. 
[info] 
[info] Visit this URL on this device to log in:
[info] https://accounts.google.com/o/oauth2/auth?client_id=563584335869-fgrhgmd47bqnekij5i8b5pr03ho849e6.apps.googleusercontent.com&scope=email%20openid%20https%3A%2F%2Fwww.googleapis.com%2Fauth%2Fcloudplatformprojects.readonly%20https%3A%2F%2Fwww.googleapis.com%2Fauth%2Ffirebase%20https%3A%2F%2Fwww.googleapis.com%2Fauth%2Fcloud-platform&response_type=code&state=475743559&redirect_uri=http%3A%2F%2Flocalhost%3A9005
[info] 
[info] Waiting for authentication...
[debug] [2021-06-04T03:22:09.413Z] >>> HTTP REQUEST POST https://accounts.google.com/o/oauth2/token  
 {"code":"4/0AY0e-g64KwTnbsfLt0jQQsmAzUTIJTJ7iTl5VjNME8G94C8NV17L7ZAnK6RnO7Z0-FJCxw","client_id":"563584335869-fgrhgmd47bqnekij5i8b5pr03ho849e6.apps.googleusercontent.com","client_secret":"j9iVZfS8kkCEFUPaAeJV0sAi","redirect_uri":"http://localhost:9005","grant_type":"authorization_code"}
[debug] [2021-06-04T03:22:11.470Z] Token Fetch Error: FirebaseError: Server Error. connect ECONNREFUSED 172.217.194.84:443
    at Request._callback (C:\Users\u542059\AppData\Roaming\npm\node_modules\firebase-tools\lib\api.js:32:31)
    at self.callback (C:\Users\u542059\AppData\Roaming\npm\node_modules\firebase-tools\node_modules\request\request.js:185:22)
    at Request.emit (events.js:376:20)
    at Request.emit (domain.js:470:12)
    at Request.onRequestError (C:\Users\u542059\AppData\Roaming\npm\node_modules\firebase-tools\node_modules\request\request.js:877:8)
    at ClientRequest.emit (events.js:376:20)
    at ClientRequest.emit (domain.js:470:12)
    at TLSSocket.socketErrorListener (_http_client.js:475:9)
    at TLSSocket.emit (events.js:376:20)
    at TLSSocket.emit (domain.js:470:12)
    at emitErrorNT (internal/streams/destroy.js:106:8)
    at emitErrorCloseNT (internal/streams/destroy.js:74:3)
    at processTicksAndRejections (internal/process/task_queues.js:82:21)
[info] 
[info] Visit this URL on any device to log in:
[info] https://accounts.google.com/o/oauth2/auth?client_id=563584335869-fgrhgmd47bqnekij5i8b5pr03ho849e6.apps.googleusercontent.com&scope=email%20openid%20https%3A%2F%2Fwww.googleapis.com%2Fauth%2Fcloudplatformprojects.readonly%20https%3A%2F%2Fwww.googleapis.com%2Fauth%2Ffirebase%20https%3A%2F%2Fwww.googleapis.com%2Fauth%2Fcloud-platform&response_type=code&state=475743559&redirect_uri=urn%3Aietf%3Awg%3Aoauth%3A2.0%3Aoob
[info] 
